<?xml version="1.0" encoding="UTF-8"?>
<!-- Generated by org.testng.reporters.JUnitReportReporter -->
<testsuite hostname="DESKTOP-L27AKFV" failures="0" tests="4" name="testngdemo.TestDemo3" time="0.012" errors="0" timestamp="2021-06-15T23:21:58 IST" skipped="1">
  <testcase classname="testngdemo.TestDemo3" name="one" time="0.009"/>
  <system-out/>
  <testcase classname="testngdemo.TestDemo3" name="one" time="0.001"/>
  <system-out/>
  <testcase classname="testngdemo.TestDemo3" name="two" time="0.002"/>
  <system-out/>
  <testcase classname="testngdemo.TestDemo3" name="three">
    <skipped/>
  </testcase> <!-- three -->
  <system-out/>
</testsuite> <!-- testngdemo.TestDemo3 -->
