<?xml version="1.0" encoding="UTF-8"?>
<!-- Generated by org.testng.reporters.JUnitReportReporter -->
<testsuite hostname="DESKTOP-L27AKFV" failures="0" tests="2" name="testngdemo.TestDemo4" time="14.901" errors="0" timestamp="2021-06-22T18:25:21 IST" skipped="0">
  <testcase classname="testngdemo.TestDemo4" name="chrometesting" time="7.469"/>
  <system-out/>
  <testcase classname="testngdemo.TestDemo4" name="firefoxtesting" time="7.432"/>
  <system-out/>
</testsuite> <!-- testngdemo.TestDemo4 -->
