<?xml version="1.0" encoding="UTF-8"?>
<!-- Generated by org.testng.reporters.JUnitReportReporter -->
<testsuite hostname="DESKTOP-L27AKFV" failures="0" tests="1" name="testngdemo.TestDemo1" time="5.753" errors="0" timestamp="2021-06-15T20:47:57 IST" skipped="0">
  <testcase classname="testngdemo.TestDemo1" name="chrometest" time="5.753"/>
  <system-out/>
</testsuite> <!-- testngdemo.TestDemo1 -->
