<?xml version="1.0" encoding="UTF-8"?>
<!-- Generated by org.testng.reporters.JUnitReportReporter -->
<testsuite hostname="DESKTOP-L27AKFV" failures="0" tests="1" name="testngdemo.TestDemo2" time="7.728" errors="0" timestamp="2021-06-15T23:16:40 IST" skipped="0">
  <testcase classname="testngdemo.TestDemo2" name="firefoxtestcase" time="7.728"/>
  <system-out/>
</testsuite> <!-- testngdemo.TestDemo2 -->
