<?xml version="1.0" encoding="UTF-8"?>
<!-- Generated by org.testng.reporters.JUnitReportReporter -->
<testsuite hostname="DESKTOP-L27AKFV" failures="0" tests="1" name="newwebtesting.Download_File" time="6.490" errors="0" timestamp="2021-08-02T20:42:15 IST" skipped="0">
  <testcase classname="newwebtesting.Download_File" name="test" time="6.490"/>
  <system-out/>
</testsuite> <!-- newwebtesting.Download_File -->
