<?xml version="1.0" encoding="UTF-8"?>
<!-- Generated by org.testng.reporters.JUnitReportReporter -->
<testsuite hostname="DESKTOP-L27AKFV" failures="0" tests="3" name="testngdemo.AnnotationDemo" time="0.018" errors="0" timestamp="2021-06-22T21:25:24 IST" skipped="0">
  <testcase classname="testngdemo.AnnotationDemo" name="register" time="0.010"/>
  <system-out/>
  <testcase classname="testngdemo.AnnotationDemo" name="login" time="0.004"/>
  <system-out/>
  <testcase classname="testngdemo.AnnotationDemo" name="addtocart" time="0.004"/>
  <system-out/>
</testsuite> <!-- testngdemo.AnnotationDemo -->
